Using pre-set license
Built from '2022.1/staging' branch; Version is '2022.1.4f1 (76dd1f94b339) revision 7789855'; Using compiler version '192829333'; Build Type 'Release'
OS: 'Windows 10  (10.0.19044) 64bit Enterprise' Language: 'en' Physical Memory: 32512 MB
BatchMode: 1, IsHumanControllingUs: 0, StartBugReporterOnCrash: 0, Is64bit: 1, IsPro: 1

COMMAND LINE ARGUMENTS:
C:\Program Files\Unity 2022.1.4f1\Editor\Unity.exe
-adb2
-batchMode
-noUpm
-name
AssetImportWorker0
-projectPath
C:/Users/h014626l/Documents/GitHub/GameJam/GGJ
-logFile
Logs/AssetImportWorker0.log
-srvPort
65326
Successfully changed project path to: C:/Users/h014626l/Documents/GitHub/GameJam/GGJ
C:/Users/h014626l/Documents/GitHub/GameJam/GGJ
[UnityMemory] Configuration Parameters - Can be set up in boot.config
    "memorysetup-bucket-allocator-granularity=16"
    "memorysetup-bucket-allocator-bucket-count=8"
    "memorysetup-bucket-allocator-block-size=33554432"
    "memorysetup-bucket-allocator-block-count=8"
    "memorysetup-main-allocator-block-size=16777216"
    "memorysetup-thread-allocator-block-size=16777216"
    "memorysetup-gfx-main-allocator-block-size=16777216"
    "memorysetup-gfx-thread-allocator-block-size=16777216"
    "memorysetup-cache-allocator-block-size=4194304"
    "memorysetup-typetree-allocator-block-size=2097152"
    "memorysetup-profiler-bucket-allocator-granularity=16"
    "memorysetup-profiler-bucket-allocator-bucket-count=8"
    "memorysetup-profiler-bucket-allocator-block-size=33554432"
    "memorysetup-profiler-bucket-allocator-block-count=8"
    "memorysetup-profiler-allocator-block-size=16777216"
    "memorysetup-profiler-editor-allocator-block-size=1048576"
    "memorysetup-temp-allocator-size-main=16777216"
    "memorysetup-job-temp-allocator-block-size=2097152"
    "memorysetup-job-temp-allocator-block-size-background=1048576"
    "memorysetup-job-temp-allocator-reduction-small-platforms=262144"
    "memorysetup-temp-allocator-size-background-worker=32768"
    "memorysetup-temp-allocator-size-job-worker=262144"
    "memorysetup-temp-allocator-size-preload-manager=33554432"
    "memorysetup-temp-allocator-size-nav-mesh-worker=65536"
    "memorysetup-temp-allocator-size-audio-worker=65536"
    "memorysetup-temp-allocator-size-cloud-worker=32768"
    "memorysetup-temp-allocator-size-gi-baking-worker=262144"
    "memorysetup-temp-allocator-size-gfx=262144"
Refreshing native plugins compatible for Editor in 78.33 ms, found 4 plugins.
Preloading 0 native plugins for Editor in 0.00 ms.
Initialize engine version: 2022.1.4f1 (76dd1f94b339)
[Subsystems] Discovering subsystems at path C:/Program Files/Unity 2022.1.4f1/Editor/Data/Resources/UnitySubsystems
[Subsystems] Discovering subsystems at path C:/Users/h014626l/Documents/GitHub/GameJam/GGJ/Assets
GfxDevice: creating device client; threaded=0; jobified=0
Direct3D:
    Version:  Direct3D 11.0 [level 11.1]
    Renderer: NVIDIA GeForce RTX 3080 (ID=0x2206)
    Vendor:   NVIDIA
    VRAM:     10067 MB
    Driver:   31.0.15.2802
Initialize mono
Mono path[0] = 'C:/Program Files/Unity 2022.1.4f1/Editor/Data/Managed'
Mono path[1] = 'C:/Program Files/Unity 2022.1.4f1/Editor/Data/MonoBleedingEdge/lib/mono/unityjit-win32'
Mono config path = 'C:/Program Files/Unity 2022.1.4f1/Editor/Data/MonoBleedingEdge/etc'
Using monoOptions --debugger-agent=transport=dt_socket,embedding=1,server=y,suspend=n,address=127.0.0.1:56188
Begin MonoManager ReloadAssembly
Registering precompiled unity dll's ...
Register platform support module: C:/Program Files/Unity 2022.1.4f1/Editor/Data/PlaybackEngines/WebGLSupport/UnityEditor.WebGL.Extensions.dll
Register platform support module: C:/Program Files/Unity 2022.1.4f1/Editor/Data/PlaybackEngines/AndroidPlayer/UnityEditor.Android.Extensions.dll
Register platform support module: C:/Program Files/Unity 2022.1.4f1/Editor/Data/PlaybackEngines/WindowsStandaloneSupport/UnityEditor.WindowsStandalone.Extensions.dll
Registered in 0.004432 seconds.
Native extension for WindowsStandalone target not found
Native extension for Android target not found
Native extension for WebGL target not found
Refreshing native plugins compatible for Editor in 81.44 ms, found 4 plugins.
Preloading 0 native plugins for Editor in 0.00 ms.
Mono: successfully reloaded assembly
- Completed reload, in  0.537 seconds
Domain Reload Profiling:
	ReloadAssembly (537ms)
		BeginReloadAssembly (57ms)
			ExecutionOrderSort (0ms)
			DisableScriptedObjects (0ms)
			BackupInstance (0ms)
			ReleaseScriptingObjects (0ms)
			CreateAndSetChildDomain (1ms)
		EndReloadAssembly (396ms)
			LoadAssemblies (55ms)
			RebuildTransferFunctionScriptingTraits (0ms)
			SetupTypeCache (90ms)
				TypeCache.Initialize (89ms)
					TypeCache.ScanAssembly (88ms)
				ResolveRequiredComponents (0ms)
			ReleaseScriptCaches (0ms)
			RebuildScriptCaches (21ms)
			SetupLoadedEditorAssemblies (241ms)
				LogAssemblyErrors (0ms)
				InitializePlatformSupportModulesInManaged (35ms)
				SetLoadedEditorAssemblies (5ms)
				RefreshPlugins (81ms)
				BeforeProcessingInitializeOnLoad (1ms)
				ProcessInitializeOnLoadAttributes (85ms)
				ProcessInitializeOnLoadMethodAttributes (34ms)
				AfterProcessingInitializeOnLoad (0ms)
				EditorAssembliesLoaded (0ms)
			ExecutionOrderSort2 (0ms)
			AwakeInstancesAfterBackupRestoration (0ms)
Platform modules already initialized, skipping
Registering precompiled user dll's ...
Registered in 0.005299 seconds.
Begin MonoManager ReloadAssembly
Symbol file LoadedFromMemory doesn't match image C:\Users\h014626l\Documents\GitHub\GameJam\GGJ\Library\PackageCache\com.unity.visualscripting@1.7.8\Editor\VisualScripting.Core\Dependencies\YamlDotNet\Unity.VisualScripting.YamlDotNet.dll
Symbol file LoadedFromMemory doesn't match image C:\Users\h014626l\Documents\GitHub\GameJam\GGJ\Library\PackageCache\com.unity.visualscripting@1.7.8\Editor\VisualScripting.Core\Dependencies\DotNetZip\Unity.VisualScripting.IonicZip.dll
Native extension for WindowsStandalone target not found
Native extension for Android target not found
Native extension for WebGL target not found
Refreshing native plugins compatible for Editor in 81.33 ms, found 4 plugins.
Preloading 0 native plugins for Editor in 0.00 ms.
Mono: successfully reloaded assembly
- Completed reload, in  0.986 seconds
Domain Reload Profiling:
	ReloadAssembly (987ms)
		BeginReloadAssembly (91ms)
			ExecutionOrderSort (0ms)
			DisableScriptedObjects (5ms)
			BackupInstance (0ms)
			ReleaseScriptingObjects (0ms)
			CreateAndSetChildDomain (17ms)
		EndReloadAssembly (802ms)
			LoadAssemblies (66ms)
			RebuildTransferFunctionScriptingTraits (0ms)
			SetupTypeCache (202ms)
				TypeCache.Initialize (197ms)
					TypeCache.ScanAssembly (194ms)
				ResolveRequiredComponents (5ms)
			ReleaseScriptCaches (1ms)
			RebuildScriptCaches (58ms)
			SetupLoadedEditorAssemblies (429ms)
				LogAssemblyErrors (0ms)
				InitializePlatformSupportModulesInManaged (11ms)
				SetLoadedEditorAssemblies (6ms)
				RefreshPlugins (81ms)
				BeforeProcessingInitializeOnLoad (80ms)
				ProcessInitializeOnLoadAttributes (215ms)
				ProcessInitializeOnLoadMethodAttributes (30ms)
				AfterProcessingInitializeOnLoad (5ms)
				EditorAssembliesLoaded (0ms)
			ExecutionOrderSort2 (0ms)
			AwakeInstancesAfterBackupRestoration (4ms)
Platform modules already initialized, skipping
========================================================================
Worker process is ready to serve import requests
Launched and connected shader compiler UnityShaderCompiler.exe after 0.03 seconds
Refreshing native plugins compatible for Editor in 1.02 ms, found 4 plugins.
Preloading 0 native plugins for Editor in 0.00 ms.
Unloading 4310 Unused Serialized files (Serialized files now loaded: 0)
Unloading 52 unused Assets / (130.8 KB). Loaded Objects now: 4768.
Memory consumption went from 0.66 GB to 0.66 GB.
Total: 2.937200 ms (FindLiveObjects: 0.349900 ms CreateObjectMapping: 0.179900 ms MarkObjects: 2.312400 ms  DeleteObjects: 0.094400 ms)

AssetImportParameters requested are different than current active one (requested -> active):
  custom:video-decoder-ogg-theora: a1e56fd34408186e4bbccfd4996cb3dc -> 
  custom:container-muxer-webm: aa71ff27fc2769a1b78a27578f13a17b -> 
  custom:container-demuxer-webm: 4f35f7cbe854078d1ac9338744f61a02 -> 
  custom:video-encoder-webm-vp8: eb34c28f22e8b96e1ab97ce403110664 -> 
  custom:audio-encoder-webm-vorbis: bf7c407c2cedff20999df2af8eb42d56 -> 
  custom:framework-win-MediaFoundation: 216162199b28c13a410421893ffa2e32 -> 
  custom:container-demuxer-ogg: 62fdf1f143b41e24485cea50d1cbac27 -> 
  custom:video-decoder-webm-vp8: 9c59270c3fd7afecdb556c50c9e8de78 -> 
  custom:audio-decoder-ogg-vorbis: bf7c407c2cedff20999df2af8eb42d56 -> 
========================================================================
Received Import Request.
  Time since last request: 18534.238750 seconds.
  path: Assets/Scenes
  artifactKey: Guid(131a6b21c8605f84396be9f6751fb6e3) Importer(815301076,1909f56bfc062723c751e8b465ee728b)
Start importing Assets/Scenes using Guid(131a6b21c8605f84396be9f6751fb6e3) Importer(815301076,1909f56bfc062723c751e8b465ee728b)  -> (artifact id: '5477611327baabc1ff5177e3bb0f9d6d') in 0.006696 seconds 
========================================================================
Received Import Request.
  Time since last request: 0.565551 seconds.
  path: Assets/Scenes/Level1.unity
  artifactKey: Guid(2cda990e2423bbf4892e6590ba056729) Importer(815301076,1909f56bfc062723c751e8b465ee728b)
Start importing Assets/Scenes/Level1.unity using Guid(2cda990e2423bbf4892e6590ba056729) Importer(815301076,1909f56bfc062723c751e8b465ee728b)  -> (artifact id: 'd5c3b4baa550bab3a774c3f37a823926') in 0.007083 seconds 
========================================================================
Received Import Request.
  Time since last request: 17.275651 seconds.
  path: Assets/Scenes/MainMenu.unity
  artifactKey: Guid(573c55e7ecdd2024e9b1a5be57e3dba0) Importer(815301076,1909f56bfc062723c751e8b465ee728b)
Start importing Assets/Scenes/MainMenu.unity using Guid(573c55e7ecdd2024e9b1a5be57e3dba0) Importer(815301076,1909f56bfc062723c751e8b465ee728b)  -> (artifact id: 'ea15524e781126d4a55fb1a4c73c5ab9') in 0.006749 seconds 
========================================================================
Received Import Request.
  Time since last request: 12.221347 seconds.
  path: Assets/Textures/Clouds2.png
  artifactKey: Guid(571e16960d4f35a45b6bd4954697c84c) Importer(815301076,1909f56bfc062723c751e8b465ee728b)
Start importing Assets/Textures/Clouds2.png using Guid(571e16960d4f35a45b6bd4954697c84c) Importer(815301076,1909f56bfc062723c751e8b465ee728b)  -> (artifact id: '370d91edf86ca4afaaec082c1ca112d9') in 0.181047 seconds 
========================================================================
Received Import Request.
  Time since last request: 0.000020 seconds.
  path: Assets/Textures/Rock A.mat
  artifactKey: Guid(9a43ebb52e4c8dc438622d95822769e7) Importer(815301076,1909f56bfc062723c751e8b465ee728b)
Start importing Assets/Textures/Rock A.mat using Guid(9a43ebb52e4c8dc438622d95822769e7) Importer(815301076,1909f56bfc062723c751e8b465ee728b)  -> (artifact id: 'e31763c8b2c8be19da93831c287d716a') in 0.219118 seconds 
========================================================================
Received Import Request.
  Time since last request: 0.000036 seconds.
  path: Assets/Textures/Rock4.png
  artifactKey: Guid(95e30b222354e134689faa506a60ea72) Importer(815301076,1909f56bfc062723c751e8b465ee728b)
Start importing Assets/Textures/Rock4.png using Guid(95e30b222354e134689faa506a60ea72) Importer(815301076,1909f56bfc062723c751e8b465ee728b)  -> (artifact id: '07b1a5421ef15aeddcaf80827d27f37f') in 0.032807 seconds 
========================================================================
Received Import Request.
  Time since last request: 0.000019 seconds.
  path: Assets/Textures/RootBody.png
  artifactKey: Guid(844a709ff8747a14aa14b66703721870) Importer(815301076,1909f56bfc062723c751e8b465ee728b)
Start importing Assets/Textures/RootBody.png using Guid(844a709ff8747a14aa14b66703721870) Importer(815301076,1909f56bfc062723c751e8b465ee728b)  -> (artifact id: '7859f334a417999f88dc67a7e7840242') in 0.022105 seconds 
========================================================================
Received Import Request.
  Time since last request: 0.000020 seconds.
  path: Assets/Textures/New Material.mat
  artifactKey: Guid(46d2051f6a0a7e24f94d816a10aae9ac) Importer(815301076,1909f56bfc062723c751e8b465ee728b)
Start importing Assets/Textures/New Material.mat using Guid(46d2051f6a0a7e24f94d816a10aae9ac) Importer(815301076,1909f56bfc062723c751e8b465ee728b)  -> (artifact id: '81d6f6326a110ad25759a39b8cafb5cb') in 0.012423 seconds 
========================================================================
Received Import Request.
  Time since last request: 0.000030 seconds.
  path: Assets/Textures/Roots.png
  artifactKey: Guid(a72f8a2423772d240937f68cde330b1b) Importer(815301076,1909f56bfc062723c751e8b465ee728b)
Start importing Assets/Textures/Roots.png using Guid(a72f8a2423772d240937f68cde330b1b) Importer(815301076,1909f56bfc062723c751e8b465ee728b)  -> (artifact id: 'fda9f38a242e83bc71e93684fd2065c5') in 0.111903 seconds 
========================================================================
Received Import Request.
  Time since last request: 0.000027 seconds.
  path: Assets/Textures/RootOffset.png
  artifactKey: Guid(191d64f6dd821f64b9087ab30f6ffb5b) Importer(815301076,1909f56bfc062723c751e8b465ee728b)
Start importing Assets/Textures/RootOffset.png using Guid(191d64f6dd821f64b9087ab30f6ffb5b) Importer(815301076,1909f56bfc062723c751e8b465ee728b)  -> (artifact id: '9d297a57c4bbddaac6b22fe328952918') in 0.026775 seconds 
========================================================================
Received Import Request.
  Time since last request: 0.000031 seconds.
  path: Assets/Textures/Rock2.png
  artifactKey: Guid(ddaddcce831dde946a2ed6a9abeadc69) Importer(815301076,1909f56bfc062723c751e8b465ee728b)
Start importing Assets/Textures/Rock2.png using Guid(ddaddcce831dde946a2ed6a9abeadc69) Importer(815301076,1909f56bfc062723c751e8b465ee728b)  -> (artifact id: '3bee99b09f8769d180ccf2e38d4a70c3') in 0.030883 seconds 
========================================================================
Received Import Request.
  Time since last request: 0.000061 seconds.
  path: Assets/Textures/Rock B.mat
  artifactKey: Guid(bc349978ac6d61d47bd52fb1b221ff4f) Importer(815301076,1909f56bfc062723c751e8b465ee728b)
Start importing Assets/Textures/Rock B.mat using Guid(bc349978ac6d61d47bd52fb1b221ff4f) Importer(815301076,1909f56bfc062723c751e8b465ee728b)  -> (artifact id: 'a4a4c33795bd4bd2aa1873099a0a52ba') in 0.011913 seconds 
========================================================================
Received Import Request.
  Time since last request: 0.000019 seconds.
  path: Assets/Textures/Rock1.png
  artifactKey: Guid(2571f1631819d1c4c88614fad4f612d9) Importer(815301076,1909f56bfc062723c751e8b465ee728b)
Start importing Assets/Textures/Rock1.png using Guid(2571f1631819d1c4c88614fad4f612d9) Importer(815301076,1909f56bfc062723c751e8b465ee728b)  -> (artifact id: 'f357ddfaa01a2cfe9491d2554ae82435') in 0.026866 seconds 
========================================================================
Received Import Request.
  Time since last request: 2.003053 seconds.
  path: Assets/Textures/MainMenu
  artifactKey: Guid(119c8491c007f244596cf066cbdad88e) Importer(815301076,1909f56bfc062723c751e8b465ee728b)
Start importing Assets/Textures/MainMenu using Guid(119c8491c007f244596cf066cbdad88e) Importer(815301076,1909f56bfc062723c751e8b465ee728b)  -> (artifact id: '2c552b5bc9db788c76fc21f3645885fb') in 0.005981 seconds 
========================================================================
Received Import Request.
  Time since last request: 0.087821 seconds.
  path: Assets/Textures/MainMenu/background.jpg
  artifactKey: Guid(be3cc8c2602b15049a9ba95fc52884c0) Importer(815301076,1909f56bfc062723c751e8b465ee728b)
Start importing Assets/Textures/MainMenu/background.jpg using Guid(be3cc8c2602b15049a9ba95fc52884c0) Importer(815301076,1909f56bfc062723c751e8b465ee728b)  -> (artifact id: 'c59fb106bfab9678e0a59b7f138f8af1') in 0.043051 seconds 
========================================================================
Received Import Request.
  Time since last request: 0.000022 seconds.
  path: Assets/Textures/MainMenu/Title V2.png
  artifactKey: Guid(1099c8f9acf6f2146b016c0323f567d4) Importer(815301076,1909f56bfc062723c751e8b465ee728b)
Start importing Assets/Textures/MainMenu/Title V2.png using Guid(1099c8f9acf6f2146b016c0323f567d4) Importer(815301076,1909f56bfc062723c751e8b465ee728b)  -> (artifact id: 'ed5283bc63c9667e609f2dade1890173') in 0.063054 seconds 
========================================================================
Received Import Request.
  Time since last request: 0.000023 seconds.
  path: Assets/Textures/MainMenu/Title.png
  artifactKey: Guid(a05799282a919d2449ebf81f0ad84821) Importer(815301076,1909f56bfc062723c751e8b465ee728b)
Start importing Assets/Textures/MainMenu/Title.png using Guid(a05799282a919d2449ebf81f0ad84821) Importer(815301076,1909f56bfc062723c751e8b465ee728b)  -> (artifact id: '7697089b1f39b5d39d04c898ea7842eb') in 0.026391 seconds 
========================================================================
Received Import Request.
  Time since last request: 39.785309 seconds.
  path: Assets/Fonts/GROBOLD SDF.asset
  artifactKey: Guid(23e46311ecac8ac4aac32a4cfd3a7576) Importer(815301076,1909f56bfc062723c751e8b465ee728b)
Start importing Assets/Fonts/GROBOLD SDF.asset using Guid(23e46311ecac8ac4aac32a4cfd3a7576) Importer(815301076,1909f56bfc062723c751e8b465ee728b)  -> (artifact id: '2cc7a814a4e8fea7515199abde0c0a73') in 0.037353 seconds 
========================================================================
Received Prepare
Registering precompiled user dll's ...
Registered in 0.004863 seconds.
Begin MonoManager ReloadAssembly
Symbol file LoadedFromMemory doesn't match image C:\Users\h014626l\Documents\GitHub\GameJam\GGJ\Library\PackageCache\com.unity.visualscripting@1.7.8\Editor\VisualScripting.Core\Dependencies\YamlDotNet\Unity.VisualScripting.YamlDotNet.dll
Symbol file LoadedFromMemory doesn't match image C:\Users\h014626l\Documents\GitHub\GameJam\GGJ\Library\PackageCache\com.unity.visualscripting@1.7.8\Editor\VisualScripting.Core\Dependencies\DotNetZip\Unity.VisualScripting.IonicZip.dll
Native extension for WindowsStandalone target not found
Native extension for Android target not found
Native extension for WebGL target not found
Refreshing native plugins compatible for Editor in 0.76 ms, found 4 plugins.
Preloading 0 native plugins for Editor in 0.00 ms.
Mono: successfully reloaded assembly
- Completed reload, in  0.912 seconds
Domain Reload Profiling:
	ReloadAssembly (913ms)
		BeginReloadAssembly (107ms)
			ExecutionOrderSort (0ms)
			DisableScriptedObjects (4ms)
			BackupInstance (0ms)
			ReleaseScriptingObjects (0ms)
			CreateAndSetChildDomain (34ms)
		EndReloadAssembly (725ms)
			LoadAssemblies (69ms)
			RebuildTransferFunctionScriptingTraits (0ms)
			SetupTypeCache (211ms)
				TypeCache.Initialize (206ms)
					TypeCache.ScanAssembly (201ms)
				ResolveRequiredComponents (5ms)
			ReleaseScriptCaches (1ms)
			RebuildScriptCaches (43ms)
			SetupLoadedEditorAssemblies (355ms)
				LogAssemblyErrors (0ms)
				InitializePlatformSupportModulesInManaged (19ms)
				SetLoadedEditorAssemblies (6ms)
				RefreshPlugins (1ms)
				BeforeProcessingInitializeOnLoad (64ms)
				ProcessInitializeOnLoadAttributes (221ms)
				ProcessInitializeOnLoadMethodAttributes (38ms)
				AfterProcessingInitializeOnLoad (5ms)
				EditorAssembliesLoaded (0ms)
			ExecutionOrderSort2 (0ms)
			AwakeInstancesAfterBackupRestoration (6ms)
Platform modules already initialized, skipping
Refreshing native plugins compatible for Editor in 2.64 ms, found 4 plugins.
Preloading 0 native plugins for Editor in 0.00 ms.
Unloading 4273 Unused Serialized files (Serialized files now loaded: 0)
Unloading 27 unused Assets / (96.1 KB). Loaded Objects now: 4850.
Memory consumption went from 0.65 GB to 0.65 GB.
Total: 2.753400 ms (FindLiveObjects: 0.284400 ms CreateObjectMapping: 0.177400 ms MarkObjects: 2.255500 ms  DeleteObjects: 0.035300 ms)

AssetImportParameters requested are different than current active one (requested -> active):
  custom:video-decoder-ogg-theora: a1e56fd34408186e4bbccfd4996cb3dc -> 
  custom:container-muxer-webm: aa71ff27fc2769a1b78a27578f13a17b -> 
  custom:container-demuxer-webm: 4f35f7cbe854078d1ac9338744f61a02 -> 
  custom:video-encoder-webm-vp8: eb34c28f22e8b96e1ab97ce403110664 -> 
  custom:audio-encoder-webm-vorbis: bf7c407c2cedff20999df2af8eb42d56 -> 
  custom:framework-win-MediaFoundation: 216162199b28c13a410421893ffa2e32 -> 
  custom:container-demuxer-ogg: 62fdf1f143b41e24485cea50d1cbac27 -> 
  custom:video-decoder-webm-vp8: 9c59270c3fd7afecdb556c50c9e8de78 -> 
  custom:audio-decoder-ogg-vorbis: bf7c407c2cedff20999df2af8eb42d56 -> 
========================================================================
Received Prepare
Registering precompiled user dll's ...
Registered in 0.007534 seconds.
Begin MonoManager ReloadAssembly
Symbol file LoadedFromMemory doesn't match image C:\Users\h014626l\Documents\GitHub\GameJam\GGJ\Library\PackageCache\com.unity.visualscripting@1.7.8\Editor\VisualScripting.Core\Dependencies\YamlDotNet\Unity.VisualScripting.YamlDotNet.dll
Symbol file LoadedFromMemory doesn't match image C:\Users\h014626l\Documents\GitHub\GameJam\GGJ\Library\PackageCache\com.unity.visualscripting@1.7.8\Editor\VisualScripting.Core\Dependencies\DotNetZip\Unity.VisualScripting.IonicZip.dll
Native extension for WindowsStandalone target not found
Native extension for Android target not found
Native extension for WebGL target not found
Refreshing native plugins compatible for Editor in 0.69 ms, found 4 plugins.
Preloading 0 native plugins for Editor in 0.00 ms.
Mono: successfully reloaded assembly
- Completed reload, in  0.893 seconds
Domain Reload Profiling:
	ReloadAssembly (894ms)
		BeginReloadAssembly (111ms)
			ExecutionOrderSort (0ms)
			DisableScriptedObjects (5ms)
			BackupInstance (0ms)
			ReleaseScriptingObjects (0ms)
			CreateAndSetChildDomain (31ms)
		EndReloadAssembly (694ms)
			LoadAssemblies (72ms)
			RebuildTransferFunctionScriptingTraits (0ms)
			SetupTypeCache (217ms)
				TypeCache.Initialize (213ms)
					TypeCache.ScanAssembly (207ms)
				ResolveRequiredComponents (4ms)
			ReleaseScriptCaches (1ms)
			RebuildScriptCaches (40ms)
			SetupLoadedEditorAssemblies (327ms)
				LogAssemblyErrors (0ms)
				InitializePlatformSupportModulesInManaged (19ms)
				SetLoadedEditorAssemblies (6ms)
				RefreshPlugins (1ms)
				BeforeProcessingInitializeOnLoad (66ms)
				ProcessInitializeOnLoadAttributes (200ms)
				ProcessInitializeOnLoadMethodAttributes (31ms)
				AfterProcessingInitializeOnLoad (5ms)
				EditorAssembliesLoaded (0ms)
			ExecutionOrderSort2 (0ms)
			AwakeInstancesAfterBackupRestoration (6ms)
Platform modules already initialized, skipping
Refreshing native plugins compatible for Editor in 2.06 ms, found 4 plugins.
Preloading 0 native plugins for Editor in 0.00 ms.
Unloading 4274 Unused Serialized files (Serialized files now loaded: 0)
Unloading 27 unused Assets / (103.2 KB). Loaded Objects now: 4865.
Memory consumption went from 0.66 GB to 0.66 GB.
Total: 2.495600 ms (FindLiveObjects: 0.268500 ms CreateObjectMapping: 0.158900 ms MarkObjects: 2.032000 ms  DeleteObjects: 0.034100 ms)

AssetImportParameters requested are different than current active one (requested -> active):
  custom:video-decoder-ogg-theora: a1e56fd34408186e4bbccfd4996cb3dc -> 
  custom:container-muxer-webm: aa71ff27fc2769a1b78a27578f13a17b -> 
  custom:container-demuxer-webm: 4f35f7cbe854078d1ac9338744f61a02 -> 
  custom:video-encoder-webm-vp8: eb34c28f22e8b96e1ab97ce403110664 -> 
  custom:audio-encoder-webm-vorbis: bf7c407c2cedff20999df2af8eb42d56 -> 
  custom:framework-win-MediaFoundation: 216162199b28c13a410421893ffa2e32 -> 
  custom:container-demuxer-ogg: 62fdf1f143b41e24485cea50d1cbac27 -> 
  custom:video-decoder-webm-vp8: 9c59270c3fd7afecdb556c50c9e8de78 -> 
  custom:audio-decoder-ogg-vorbis: bf7c407c2cedff20999df2af8eb42d56 -> 
